<?xml version="1.0" encoding="UTF-8"?>
<!-- Generated by org.testng.reporters.JUnitXMLReporter -->
<testsuite hostname="Infva05990" ignored="0" name="Test" tests="1" failures="1" timestamp="18 Sep 2019 17:59:11 GMT" time="0.031" errors="0">
  <testcase name="@AfterTest afterTest" time="0.0" classname="day6.GridConnect">
    <failure type="java.lang.NullPointerException">
      <![CDATA[java.lang.NullPointerException
	at day6.GridConnect.afterTest(GridConnect.java:55)
... Removed 23 stack frames]]>
    </failure>
  </testcase> <!-- @AfterTest afterTest -->
  <testcase name="f" time="0.016" classname="day6.GridConnect">
    <failure type="java.lang.NullPointerException">
      <![CDATA[java.lang.NullPointerException
	at day6.GridConnect.f(GridConnect.java:26)
... Removed 25 stack frames]]>
    </failure>
  </testcase> <!-- f -->
</testsuite> <!-- Test -->
